\BOOKMARK [1][-]{section.1}{\376\377\000Z\000I\000E\000L\000B\000E\000S\000T\000I\000M\000M\000U\000N\000G}{}% 1
\BOOKMARK [2][-]{subsection.1.1}{\376\377\000M\000u\000s\000s\000k\000r\000i\000t\000e\000r\000i\000e\000n}{section.1}% 2
\BOOKMARK [2][-]{subsection.1.2}{\376\377\000A\000b\000g\000r\000e\000n\000z\000u\000n\000g\000s\000k\000r\000i\000t\000e\000r\000i\000e\000n}{section.1}% 3
\BOOKMARK [1][-]{section.2}{\376\377\000P\000R\000O\000D\000U\000K\000T\000E\000I\000N\000S\000A\000T\000Z}{}% 4
\BOOKMARK [2][-]{subsection.2.1}{\376\377\000A\000n\000w\000e\000n\000d\000u\000n\000g\000s\000b\000e\000r\000e\000i\000c\000h\000e}{section.2}% 5
\BOOKMARK [2][-]{subsection.2.2}{\376\377\000Z\000i\000e\000l\000g\000r\000u\000p\000p\000e\000n}{section.2}% 6
\BOOKMARK [2][-]{subsection.2.3}{\376\377\000B\000e\000t\000r\000i\000e\000b\000s\000b\000e\000d\000i\000n\000g\000u\000n\000g\000e\000n}{section.2}% 7
\BOOKMARK [1][-]{section.3}{\376\377\000P\000R\000O\000D\000U\000K\000T\000\334\000B\000E\000R\000S\000I\000C\000H\000T}{}% 8
\BOOKMARK [2][-]{subsection.3.1}{\376\377\000U\000s\000e\000c\000a\000s\000e\000\040\000D\000i\000a\000g\000r\000a\000m\000m}{section.3}% 9
\BOOKMARK [1][-]{section.4}{\376\377\000P\000R\000O\000D\000U\000K\000T\000F\000U\000N\000K\000T\000I\000O\000N\000E\000N}{}% 10
\BOOKMARK [2][-]{subsection.4.1}{\376\377\000U\000s\000e\000c\000a\000s\000e\000-\000B\000e\000s\000c\000h\000r\000e\000i\000b\000u\000n\000g\000e\000n}{section.4}% 11
\BOOKMARK [2][-]{subsection.4.2}{\376\377\000A\000k\000t\000i\000v\000i\000t\000\344\000t\000s\000d\000i\000a\000g\000r\000a\000m\000m}{section.4}% 12
\BOOKMARK [2][-]{subsection.4.3}{\376\377\000S\000e\000q\000u\000e\000n\000z\000d\000i\000a\000g\000r\000a\000m\000m}{section.4}% 13
\BOOKMARK [1][-]{section.5}{\376\377\000P\000R\000O\000D\000U\000K\000T\000D\000A\000T\000E\000N}{}% 14
\BOOKMARK [2][-]{subsection.5.1}{\376\377\000A\000n\000a\000l\000y\000s\000e\000k\000l\000a\000s\000s\000e\000n\000d\000i\000a\000g\000r\000a\000m\000m}{section.5}% 15
\BOOKMARK [2][-]{subsection.5.2}{\376\377\000P\000a\000k\000e\000t\000d\000i\000a\000g\000r\000a\000m\000m}{section.5}% 16
\BOOKMARK [2][-]{subsection.5.3}{\376\377\000D\000o\000m\000\344\000n\000e\000n\000k\000l\000a\000s\000s\000e\000n\000d\000i\000a\000g\000r\000a\000m\000m}{section.5}% 17
\BOOKMARK [1][-]{section.6}{\376\377\000P\000R\000O\000D\000U\000K\000T\000L\000E\000I\000S\000T\000U\000N\000G\000E\000N}{}% 18
\BOOKMARK [1][-]{section.7}{\376\377\000Q\000U\000A\000L\000I\000T\000\304\000T\000S\000A\000N\000F\000O\000R\000D\000E\000R\000U\000N\000G\000E\000N}{}% 19
\BOOKMARK [1][-]{section.8}{\376\377\000B\000E\000N\000U\000T\000Z\000E\000R\000O\000B\000E\000R\000F\000L\000\304\000C\000H\000E}{}% 20
\BOOKMARK [2][-]{subsection.8.1}{\376\377\000A\000n\000s\000i\000c\000h\000t\000:\000\040\000v\000e\000r\000s\000c\000h\000i\000e\000d\000e\000n\000e\000\040\000A\000n\000s\000i\000c\000h\000t\000e\000n\000\040\0001\000\040\0002\000\040\0003\000\040\0004\000\040\0005}{section.8}% 21
\BOOKMARK [2][-]{subsection.8.2}{\376\377\000Z\000u\000s\000a\000t\000a\000n\000d\000s\000d\000i\000a\000g\000r\000a\000m\000m\000e}{section.8}% 22
\BOOKMARK [2][-]{subsection.8.3}{\376\377\000A\000n\000s\000i\000c\000h\000t\000:\000\040\000v\000e\000r\000s\000c\000h\000i\000e\000d\000e\000n\000e\000\040\000Z\000u\000s\000t\000a\000n\000d\000s\000d\000i\000a\000g\000r\000a\000m\000m\000e\000\040\0001\000\040\0002\000\040\0003\000\040\0004\000\040\0005}{section.8}% 23
\BOOKMARK [1][-]{section.9}{\376\377\000N\000I\000C\000H\000T\000F\000U\000N\000K\000T\000I\000O\000N\000A\000L\000E\000\040\000A\000N\000F\000O\000R\000D\000E\000R\000U\000N\000G\000E\000N}{}% 24
\BOOKMARK [1][-]{section.10}{\376\377\000T\000E\000C\000H\000N\000I\000S\000C\000H\000E\000\040\000P\000R\000O\000D\000U\000K\000T\000U\000M\000G\000E\000B\000U\000N\000G}{}% 25
\BOOKMARK [2][-]{subsection.10.1}{\376\377\000S\000o\000f\000t\000w\000a\000r\000e}{section.10}% 26
\BOOKMARK [2][-]{subsection.10.2}{\376\377\000H\000a\000r\000d\000w\000a\000r\000e}{section.10}% 27
\BOOKMARK [2][-]{subsection.10.3}{\376\377\000O\000r\000g\000w\000a\000r\000e}{section.10}% 28
\BOOKMARK [2][-]{subsection.10.4}{\376\377\000P\000r\000o\000d\000u\000k\000t\000-\000S\000c\000h\000n\000i\000t\000t\000s\000t\000e\000l\000l\000e\000n}{section.10}% 29
\BOOKMARK [1][-]{section.11}{\376\377\000S\000P\000E\000Z\000I\000E\000L\000L\000E\000\040\000A\000N\000F\000O\000R\000D\000E\000R\000U\000N\000G\000E\000N\000\040\000A\000N\000\040\000D\000I\000E\000\040\000E\000N\000T\000W\000I\000C\000K\000L\000U\000N\000G\000S\000-\000U\000M\000G\000E\000B\000U\000N\000G}{}% 30
\BOOKMARK [2][-]{subsection.11.1}{\376\377\000S\000o\000f\000t\000w\000a\000r\000e}{section.11}% 31
\BOOKMARK [2][-]{subsection.11.2}{\376\377\000H\000a\000r\000d\000w\000a\000r\000e}{section.11}% 32
\BOOKMARK [2][-]{subsection.11.3}{\376\377\000O\000r\000g\000w\000a\000r\000e}{section.11}% 33
\BOOKMARK [2][-]{subsection.11.4}{\376\377\000E\000n\000t\000w\000i\000c\000k\000l\000u\000n\000g\000s\000s\000c\000h\000n\000i\000t\000t\000s\000t\000e\000l\000l\000e\000n}{section.11}% 34
\BOOKMARK [1][-]{section.12}{\376\377\000G\000L\000I\000E\000D\000E\000R\000U\000N\000G\000\040\000I\000N\000\040\000T\000E\000I\000L\000P\000R\000O\000D\000U\000K\000T\000E}{}% 35
\BOOKMARK [1][-]{section.13}{\376\377\000E\000R\000G\000\304\000N\000Z\000U\000N\000G\000E\000N}{}% 36
\BOOKMARK [1][-]{section.14}{\376\377\000G\000L\000O\000S\000S\000A\000R}{}% 37
