This is pdfTeX, Version 3.14159265-2.6-1.40.17 (TeX Live 2016/W32TeX) (preloaded format=pdflatex 2017.4.30)  25 MAY 2017 14:04
entering extended mode
 restricted \write18 enabled.
 %&-line parsing enabled.
**./Titel.tex
(./Titel.tex
LaTeX2e <2017/01/01> patch level 3
Babel <3.9r> and hyphenation patterns for 83 language(s) loaded.

! LaTeX Error: Environment titlepage undefined.

See the LaTeX manual or LaTeX Companion for explanation.
Type  H <return>  for immediate help.
 ...                                              
                                                  
l.11 \begin{titlepage}
                      
Your command was ignored.
Type  I <command> <return>  to replace it with another command,
or  <return>  to continue without it.


! LaTeX Error: Missing \begin{document}.

See the LaTeX manual or LaTeX Companion for explanation.
Type  H <return>  for immediate help.
 ...                                              
                                                  
l.12    \mbox{}
               \vspace{5\baselineskip}\\
You're in trouble here.  Try typing  <return>  to proceed.
If that doesn't work, type  X <return>  to quit.

! Undefined control sequence.
l.13    \sffamily\huge
                      
The control sequence at the end of the top line
of your error message was never \def'ed. If you have
misspelled it (e.g., `\hobx'), type `I' and the correct
spelling (e.g., `I\hbox'). Otherwise just continue,
and I'll forget about whatever was undefined.

! Undefined control sequence.
l.16    {\Huge
               Pflichtenheft} \\
The control sequence at the end of the top line
of your error message was never \def'ed. If you have
misspelled it (e.g., `\hobx'), type `I' and the correct
spelling (e.g., `I\hbox'). Otherwise just continue,
and I'll forget about whatever was undefined.


Overfull \hbox (20.0pt too wide) in paragraph at lines 12--16
 [][]  
 []


Overfull \hbox (53.25005pt too wide) in paragraph at lines 12--16
 \OT1/cmss/m/n/10 Pflichtenheft 
 []


! LaTeX Error: The font size command \normalsize is not defined:
               there is probably something wrong with the class file.

See the LaTeX manual or LaTeX Companion for explanation.
Type  H <return>  for immediate help.
 ...                                              
                                                  
l.17    \normalsize
                    GeoGraph 2017
Your command was ignored.
Type  I <command> <return>  to replace it with another command,
or  <return>  to continue without it.


! LaTeX Error: Missing \begin{document}.

See the LaTeX manual or LaTeX Companion for explanation.
Type  H <return>  for immediate help.
 ...                                              
                                                  
l.17    \normalsize G
                     eoGraph 2017
You're in trouble here.  Try typing  <return>  to proceed.
If that doesn't work, type  X <return>  to quit.


Overfull \hbox (41.33344pt too wide) in paragraph at lines 17--18
 []\OT1/cmss/m/n/10 GeoGraph 
 []


Overfull \hbox (20.00006pt too wide) in paragraph at lines 17--18
 \OT1/cmss/m/n/10 2017 
 []

! Undefined control sequence.
l.19    \rmfamily\Large
                       
The control sequence at the end of the top line
of your error message was never \def'ed. If you have
misspelled it (e.g., `\hobx'), type `I' and the correct
spelling (e.g., `I\hbox'). Otherwise just continue,
and I'll forget about whatever was undefined.


! LaTeX Error: Missing \begin{document}.

See the LaTeX manual or LaTeX Companion for explanation.
Type  H <return>  for immediate help.
 ...                                              
                                                  
l.20   F
        achhochschule Bielefeld \\
You're in trouble here.  Try typing  <return>  to proceed.
If that doesn't work, type  X <return>  to quit.


Overfull \hbox (67.13899pt too wide) in paragraph at lines 20--20
 []\OT1/cmr/m/n/10 Fachhochschule 
 []


Overfull \hbox (24.86115pt too wide) in paragraph at lines 20--20
 \OT1/cmr/m/n/10 Biele- 
 []


Overfull \hbox (15.83337pt too wide) in paragraph at lines 20--20
 \OT1/cmr/m/n/10 feld 
 []


! LaTeX Error: Missing \begin{document}.

See the LaTeX manual or LaTeX Companion for explanation.
Type  H <return>  for immediate help.
 ...                                              
                                                  
l.21   C
        ampus Minden \\
You're in trouble here.  Try typing  <return>  to proceed.
If that doesn't work, type  X <return>  to quit.


Overfull \hbox (35.61119pt too wide) in paragraph at lines 21--21
 []\OT1/cmr/m/n/10 Campus 
 []


Overfull \hbox (20.83337pt too wide) in paragraph at lines 21--21
 \OT1/cmr/m/n/10 Min- 
 []


Overfull \hbox (15.55559pt too wide) in paragraph at lines 21--21
 \OT1/cmr/m/n/10 den 
 []


! LaTeX Error: Missing \begin{document}.

See the LaTeX manual or LaTeX Companion for explanation.
Type  H <return>  for immediate help.
 ...                                              
                                                  
l.22   S
        tudiengang Informatik
You're in trouble here.  Try typing  <return>  to proceed.
If that doesn't work, type  X <return>  to quit.


Overfull \hbox (53.88904pt too wide) in paragraph at lines 22--23
 []\OT1/cmr/m/n/10 Studiengang 
 []


Overfull \hbox (12.50002pt too wide) in paragraph at lines 22--23
 \OT1/cmr/m/n/10 In- 
 []


Overfull \hbox (15.30559pt too wide) in paragraph at lines 22--23
 \OT1/cmr/m/n/10 for- 
 []


Overfull \hbox (25.27786pt too wide) in paragraph at lines 22--23
 \OT1/cmr/m/n/10 matik 
 []


! LaTeX Error: Missing \begin{document}.

See the LaTeX manual or LaTeX Companion for explanation.
Type  H <return>  for immediate help.
 ...                                              
                                                  
l.24 \noindent
              \rule{15cm}{0.3pt}
You're in trouble here.  Try typing  <return>  to proceed.
If that doesn't work, type  X <return>  to quit.


! LaTeX Error: Environment table undefined.

See the LaTeX manual or LaTeX Companion for explanation.
Type  H <return>  for immediate help.
 ...                                              
                                                  
l.26 \begin{table}
                  [H]
Your command was ignored.
Type  I <command> <return>  to replace it with another command,
or  <return>  to continue without it.

! Undefined control sequence.
l.27 	\tablestyle
                 
The control sequence at the end of the top line
of your error message was never \def'ed. If you have
misspelled it (e.g., `\hobx'), type `I' and the correct
spelling (e.g., `I\hbox'). Otherwise just continue,
and I'll forget about whatever was undefined.

! Undefined control sequence.
l.28 	\rowcolors
                {1}{tablerowcolor}{white!100}
The control sequence at the end of the top line
of your error message was never \def'ed. If you have
misspelled it (e.g., `\hobx'), type `I' and the correct
spelling (e.g., `I\hbox'). Otherwise just continue,
and I'll forget about whatever was undefined.

LaTeX Font Info:    External font `cmex10' loaded for size
(Font)              <7> on input line 29.
LaTeX Font Info:    External font `cmex10' loaded for size
(Font)              <5> on input line 29.

! LaTeX Error: Illegal character in array arg.

See the LaTeX manual or LaTeX Companion for explanation.
Type  H <return>  for immediate help.
 ...                                              
                                                  
l.29 	\begin{tabular}{*{2}{v{0.45\textwidth}}}
                                              
You're in trouble here.  Try typing  <return>  to proceed.
If that doesn't work, type  X <return>  to quit.


! LaTeX Error: Illegal character in array arg.

See the LaTeX manual or LaTeX Companion for explanation.
Type  H <return>  for immediate help.
 ...                                              
                                                  
l.29 	\begin{tabular}{*{2}{v{0.45\textwidth}}}
                                              
You're in trouble here.  Try typing  <return>  to proceed.
If that doesn't work, type  X <return>  to quit.


! LaTeX Error: Illegal character in array arg.

See the LaTeX manual or LaTeX Companion for explanation.
Type  H <return>  for immediate help.
 ...                                              
                                                  
l.29 	\begin{tabular}{*{2}{v{0.45\textwidth}}}
                                              
You're in trouble here.  Try typing  <return>  to proceed.
If that doesn't work, type  X <return>  to quit.


! LaTeX Error: Illegal character in array arg.

See the LaTeX manual or LaTeX Companion for explanation.
Type  H <return>  for immediate help.
 ...                                              
                                                  
l.29 	\begin{tabular}{*{2}{v{0.45\textwidth}}}
                                              
You're in trouble here.  Try typing  <return>  to proceed.
If that doesn't work, type  X <return>  to quit.

! Undefined control sequence.
<recently read> \rowcolor 
                          
l.31 		\rowcolor
                {tableheadcolor}
The control sequence at the end of the top line
of your error message was never \def'ed. If you have
misspelled it (e.g., `\hobx'), type `I' and the correct
spelling (e.g., `I\hbox'). Otherwise just continue,
and I'll forget about whatever was undefined.

Missing character: There is no Ã in font cmr10!
Missing character: There is no ¼ in font cmr10!

! LaTeX Error: \begin{document} ended by \end{table}.

See the LaTeX manual or LaTeX Companion for explanation.
Type  H <return>  for immediate help.
 ...                                              
                                                  
l.45 \end{table}
                
Your command was ignored.
Type  I <command> <return>  to replace it with another command,
or  <return>  to continue without it.


Overfull \hbox (426.79134pt too wide) in paragraph at lines 24--47
 [] 
 []


Overfull \hbox (41.52786pt too wide) in paragraph at lines 24--47
 \OT1/cmr/m/n/10 Beteiligte 
 []


Overfull \hbox (18.22223pt too wide) in paragraph at lines 24--47
 \OT1/cmr/m/n/10 Per- 
 []


Overfull \hbox (12.27779pt too wide) in paragraph at lines 24--47
 \OT1/cmr/m/n/10 so- 
 []


Overfull \hbox (18.33337pt too wide) in paragraph at lines 24--47
 \OT1/cmr/m/n/10 nen: 
 []


Overfull \hbox (13.05559pt too wide) in paragraph at lines 24--47
 \OT1/cmr/m/n/10 [H] 
 []


Overfull \hbox (45.86119pt too wide) in paragraph at lines 24--47
 \OT1/cmr/m/n/10 1tablerow- 
 []


Overfull \hbox (15.55557pt too wide) in paragraph at lines 24--47
 \OT1/cmr/m/n/10 col- 
 []


Overfull \hbox (12.25002pt too wide) in paragraph at lines 24--47
 \OT1/cmr/m/n/10 or- 
 []


Overfull \hbox (41.66676pt too wide) in paragraph at lines 24--47
 \OT1/cmr/m/n/10 white!100 
 []


Overfull \hbox (201.16682pt too wide) in paragraph at lines 24--47
 [] 
 []


Overfull \hbox (426.79134pt too wide) in paragraph at lines 24--47
 [] 
 []

! Undefined control sequence.
l.48    \today
              
The control sequence at the end of the top line
of your error message was never \def'ed. If you have
misspelled it (e.g., `\hobx'), type `I' and the correct
spelling (e.g., `I\hbox'). Otherwise just continue,
and I'll forget about whatever was undefined.


! LaTeX Error: \begin{document} ended by \end{titlepage}.

See the LaTeX manual or LaTeX Companion for explanation.
Type  H <return>  for immediate help.
 ...                                              
                                                  
l.49 \end{titlepage}
                    
Your command was ignored.
Type  I <command> <return>  to replace it with another command,
or  <return>  to continue without it.

)
! Emergency stop.
<*> ./Titel.tex
               
*** (job aborted, no legal \end found)

 
Here is how much of TeX's memory you used:
 17 strings out of 493013
 244 string characters out of 6126436
 55646 words of memory out of 5000000
 3659 multiletter control sequences out of 15000+600000
 4253 words of font info for 16 fonts, out of 8000000 for 9000
 1141 hyphenation exceptions out of 8191
 19i,6n,16p,71b,195s stack positions out of 5000i,500n,10000p,200000b,80000s
!  ==> Fatal error occurred, no output PDF file produced!
